<?xml version="1.0" encoding="UTF-8"?>
<!-- Generated by org.testng.reporters.JUnitReportReporter -->
<testsuite hostname="DESKTOP-BH3MCQC" failures="0" tests="1" name="Pallabi_Assignment.B" time="0.024" errors="0" timestamp="2024-02-13T13:29:10 IST" skipped="0">
  <testcase classname="Pallabi_Assignment.B" name="b" time="0.024"/>
  <system-out/>
</testsuite> <!-- Pallabi_Assignment.B -->
