<?xml version="1.0" encoding="UTF-8"?>
<!-- Generated by org.testng.reporters.JUnitReportReporter -->
<testsuite hostname="DESKTOP-BH3MCQC" failures="0" tests="1" name="API_TESTING.Update_Booking" time="1.546" errors="0" timestamp="2024-02-13T14:25:12 IST" skipped="0">
  <testcase classname="API_TESTING.Update_Booking" name="updateBooking" time="1.546"/>
  <system-out/>
</testsuite> <!-- API_TESTING.Update_Booking -->
