<?xml version="1.0" encoding="UTF-8"?>
<!-- Generated by org.testng.reporters.JUnitReportReporter -->
<testsuite hostname="DESKTOP-BH3MCQC" failures="0" tests="1" name="API_TESTING.Create_Booking" time="1.568" errors="0" timestamp="2024-02-13T14:25:12 IST" skipped="0">
  <testcase classname="API_TESTING.Create_Booking" name="createBooking" time="1.568"/>
  <system-out/>
</testsuite> <!-- API_TESTING.Create_Booking -->
